22:53:54.682 [workGroup1] WARN  entity.777779 - handlerAdded . CMPPServerChildEndpointEntity[groupName=777779, userName=777779, chartset=UTF-8, getId()=777779, getDesc()=null, getChannelType()=null, getHost()=null, getPort()=null, getMaxChannels()=5]
22:53:54.694 [workGroup1] DEBUG entity.777779 - Send:CmppConnectResponseMessage [version=32, status=0,authenticatorISMG = 0b711247072c5be2561efc5e5a626c36, sequenceId=1445989201]
22:53:55.276 [workGroup1] DEBUG entity.777779 - Receive:CmppSubmitRequestMessage [msgid=0415225354001660402899, serviceId=vac12shC, srcId=10692763112918995598, msgsrc=777779, destterminalId=[18571616424], msgContent=【测试】[电费账单]尊敬的客户（客户号：1548915648），截至8月31日，您家电表知码2810，8月用电84度，电费46.58元, sequenceId=1445989202]
22:53:55.364 [workGroup1] DEBUG entity.777779 - Receive:CmppSubmitRequestMessage [msgid=0415225354001660402899, serviceId=vac12shC, srcId=10692763112918995598, msgsrc=777779, destterminalId=[18571616424], msgContent=，截至9月2号，可用余额18.56元。当月电费账单已生成，交电费就用网上国网app，新用户注册即送2元电费卷，点dwz.cn/zpdk, sequenceId=1445989204]
22:53:55.365 [workGroup1] DEBUG entity.777779 - Receive:CmppSubmitRequestMessage [msgid=0415225354001660402899, serviceId=vac12shC, srcId=10692763112918995598, msgsrc=777779, destterminalId=[18571616424], msgContent=fjie领取，还有更多精彩活动等您参与！, sequenceId=1445989205]
22:53:55.381 [workGroup1] DEBUG entity.777779 - Send:CmppSubmitResponseMessage [msgId=0415225354000250410377, result=0, sequenceId=1445989202]
22:53:55.382 [workGroup1] DEBUG entity.777779 - Send:CmppSubmitResponseMessage [msgId=0415225354000250410378, result=0, sequenceId=1445989204]
22:53:55.384 [workGroup1] DEBUG entity.777779 - Send:CmppSubmitResponseMessage [msgId=0415225354000250410379, result=0, sequenceId=1445989205]
22:54:20.397 [workGroup1] DEBUG entity.777779 - Receive:DefaultMessage [packetType=CMPPACTIVETESTREQUEST, header=DefaultHeader [commandId=0x8, sequenceId=1445989212, nodeId=0], getClass()=class com.zx.sms.codec.cmpp.msg.CmppActiveTestRequestMessage]
22:54:20.399 [workGroup1] DEBUG entity.777779 - Send:DefaultMessage [packetType=CMPPACTIVETESTRESPONSE, header=DefaultHeader [commandId=0xffffffff80000008, sequenceId=1445989212, nodeId=0], getClass()=class com.zx.sms.codec.cmpp.msg.CmppActiveTestResponseMessage]
22:54:45.400 [workGroup1] DEBUG entity.777779 - Receive:DefaultMessage [packetType=CMPPACTIVETESTREQUEST, header=DefaultHeader [commandId=0x8, sequenceId=1445989213, nodeId=0], getClass()=class com.zx.sms.codec.cmpp.msg.CmppActiveTestRequestMessage]
22:54:45.401 [workGroup1] DEBUG entity.777779 - Send:DefaultMessage [packetType=CMPPACTIVETESTRESPONSE, header=DefaultHeader [commandId=0xffffffff80000008, sequenceId=1445989213, nodeId=0], getClass()=class com.zx.sms.codec.cmpp.msg.CmppActiveTestResponseMessage]
22:54:45.446 [workGroup1] WARN  entity.777779 - Connection close . CMPPServerChildEndpointEntity[groupName=777779, userName=777779, chartset=UTF-8, getId()=777779, getDesc()=null, getChannelType()=null, getHost()=null, getPort()=null, getMaxChannels()=5]
22:54:50.838 [workGroup2] WARN  entity.777779 - handlerAdded . CMPPServerChildEndpointEntity[groupName=777779, userName=777779, chartset=UTF-8, getId()=777779, getDesc()=null, getChannelType()=null, getHost()=null, getPort()=null, getMaxChannels()=5]
22:54:50.840 [workGroup2] DEBUG entity.777779 - Send:CmppConnectResponseMessage [version=32, status=0,authenticatorISMG = dcdc9933d9d917a7780ed60d4711fb57, sequenceId=880027595]
22:54:50.932 [workGroup2] DEBUG entity.777779 - Receive:CmppSubmitRequestMessage [msgid=0415225450001564410189, serviceId=vac12shC, srcId=10692763112918995598, msgsrc=777779, destterminalId=[18571616424], msgContent=【测试】[电费账单]尊敬的客户（客户号：1548915648），截至8月31日，您家电表知码2810，8月用电84度，电费46.58元, sequenceId=880027596]
22:54:50.937 [workGroup2] DEBUG entity.777779 - Receive:CmppSubmitRequestMessage [msgid=0415225450001564410189, serviceId=vac12shC, srcId=10692763112918995598, msgsrc=777779, destterminalId=[18571616424], msgContent=，截至9月2号，可用余额18.56元。当月电费账单已生成，交电费就用网上国网app，新用户注册即送2元电费卷，点dwz.cn/zpdk, sequenceId=880027598]
22:54:50.947 [workGroup2] DEBUG entity.777779 - Receive:CmppSubmitRequestMessage [msgid=0415225450001564410189, serviceId=vac12shC, srcId=10692763112918995598, msgsrc=777779, destterminalId=[18571616424], msgContent=fjie领取，还有更多精彩活动等您参与！, sequenceId=880027599]
22:54:50.949 [workGroup2] DEBUG entity.777779 - Send:CmppSubmitResponseMessage [msgId=0415225450000250410386, result=0, sequenceId=880027596]
22:54:50.950 [workGroup2] DEBUG entity.777779 - Send:CmppSubmitResponseMessage [msgId=0415225450000250410387, result=0, sequenceId=880027598]
22:54:50.951 [workGroup2] DEBUG entity.777779 - Send:CmppSubmitResponseMessage [msgId=0415225450000250410388, result=0, sequenceId=880027599]
22:55:15.965 [workGroup2] DEBUG entity.777779 - Receive:DefaultMessage [packetType=CMPPACTIVETESTREQUEST, header=DefaultHeader [commandId=0x8, sequenceId=880027606, nodeId=0], getClass()=class com.zx.sms.codec.cmpp.msg.CmppActiveTestRequestMessage]
22:55:15.967 [workGroup2] DEBUG entity.777779 - Send:DefaultMessage [packetType=CMPPACTIVETESTRESPONSE, header=DefaultHeader [commandId=0xffffffff80000008, sequenceId=880027606, nodeId=0], getClass()=class com.zx.sms.codec.cmpp.msg.CmppActiveTestResponseMessage]
22:55:40.970 [workGroup2] DEBUG entity.777779 - Receive:DefaultMessage [packetType=CMPPACTIVETESTREQUEST, header=DefaultHeader [commandId=0x8, sequenceId=880027607, nodeId=0], getClass()=class com.zx.sms.codec.cmpp.msg.CmppActiveTestRequestMessage]
22:55:40.971 [workGroup2] DEBUG entity.777779 - Send:DefaultMessage [packetType=CMPPACTIVETESTRESPONSE, header=DefaultHeader [commandId=0xffffffff80000008, sequenceId=880027607, nodeId=0], getClass()=class com.zx.sms.codec.cmpp.msg.CmppActiveTestResponseMessage]
22:56:05.973 [workGroup2] DEBUG entity.777779 - Receive:DefaultMessage [packetType=CMPPACTIVETESTREQUEST, header=DefaultHeader [commandId=0x8, sequenceId=880027608, nodeId=0], getClass()=class com.zx.sms.codec.cmpp.msg.CmppActiveTestRequestMessage]
22:56:05.974 [workGroup2] DEBUG entity.777779 - Send:DefaultMessage [packetType=CMPPACTIVETESTRESPONSE, header=DefaultHeader [commandId=0xffffffff80000008, sequenceId=880027608, nodeId=0], getClass()=class com.zx.sms.codec.cmpp.msg.CmppActiveTestResponseMessage]
22:56:30.976 [workGroup2] DEBUG entity.777779 - Receive:DefaultMessage [packetType=CMPPACTIVETESTREQUEST, header=DefaultHeader [commandId=0x8, sequenceId=880027609, nodeId=0], getClass()=class com.zx.sms.codec.cmpp.msg.CmppActiveTestRequestMessage]
22:56:30.978 [workGroup2] DEBUG entity.777779 - Send:DefaultMessage [packetType=CMPPACTIVETESTRESPONSE, header=DefaultHeader [commandId=0xffffffff80000008, sequenceId=880027609, nodeId=0], getClass()=class com.zx.sms.codec.cmpp.msg.CmppActiveTestResponseMessage]
22:56:38.079 [workGroup2] WARN  entity.777779 - Connection close . CMPPServerChildEndpointEntity[groupName=777779, userName=777779, chartset=UTF-8, getId()=777779, getDesc()=null, getChannelType()=null, getHost()=null, getPort()=null, getMaxChannels()=5]
22:56:42.216 [workGroup3] WARN  entity.777779 - handlerAdded . CMPPServerChildEndpointEntity[groupName=777779, userName=777779, chartset=UTF-8, getId()=777779, getDesc()=null, getChannelType()=null, getHost()=null, getPort()=null, getMaxChannels()=5]
22:56:42.217 [workGroup3] DEBUG entity.777779 - Send:CmppConnectResponseMessage [version=32, status=0,authenticatorISMG = 15ab7c326e55444f562faa0cd8e4c846, sequenceId=1863441657]
22:56:42.304 [workGroup3] DEBUG entity.777779 - Receive:CmppSubmitRequestMessage [msgid=0415225642001037256571, serviceId=vac12shC, srcId=10692763112918995598, msgsrc=777779, destterminalId=[18571616424], msgContent=【测试】[电费账单]尊敬的客户（客户号：1548915648），截至8月31日，您家电表知码2810，8月用电84度，电费46.58元, sequenceId=1863441658]
22:56:42.308 [workGroup3] DEBUG entity.777779 - Receive:CmppSubmitRequestMessage [msgid=0415225642001037256571, serviceId=vac12shC, srcId=10692763112918995598, msgsrc=777779, destterminalId=[18571616424], msgContent=，截至9月2号，可用余额18.56元。当月电费账单已生成，交电费就用网上国网app，新用户注册即送2元电费卷，点dwz.cn/zpdk, sequenceId=1863441660]
22:56:42.318 [workGroup3] DEBUG entity.777779 - Receive:CmppSubmitRequestMessage [msgid=0415225642001037256571, serviceId=vac12shC, srcId=10692763112918995598, msgsrc=777779, destterminalId=[18571616424], msgContent=fjie领取，还有更多精彩活动等您参与！, sequenceId=1863441661]
22:56:42.323 [workGroup3] DEBUG entity.777779 - Send:CmppSubmitResponseMessage [msgId=0415225641000250410395, result=0, sequenceId=1863441658]
22:56:42.324 [workGroup3] DEBUG entity.777779 - Send:CmppSubmitResponseMessage [msgId=0415225641000250410396, result=0, sequenceId=1863441660]
22:56:42.325 [workGroup3] DEBUG entity.777779 - Send:CmppSubmitResponseMessage [msgId=0415225641000250410397, result=0, sequenceId=1863441661]
22:57:07.339 [workGroup3] DEBUG entity.777779 - Receive:DefaultMessage [packetType=CMPPACTIVETESTREQUEST, header=DefaultHeader [commandId=0x8, sequenceId=1863441668, nodeId=0], getClass()=class com.zx.sms.codec.cmpp.msg.CmppActiveTestRequestMessage]
22:57:07.341 [workGroup3] DEBUG entity.777779 - Send:DefaultMessage [packetType=CMPPACTIVETESTRESPONSE, header=DefaultHeader [commandId=0xffffffff80000008, sequenceId=1863441668, nodeId=0], getClass()=class com.zx.sms.codec.cmpp.msg.CmppActiveTestResponseMessage]
22:57:32.346 [workGroup3] DEBUG entity.777779 - Receive:DefaultMessage [packetType=CMPPACTIVETESTREQUEST, header=DefaultHeader [commandId=0x8, sequenceId=1863441669, nodeId=0], getClass()=class com.zx.sms.codec.cmpp.msg.CmppActiveTestRequestMessage]
22:57:32.347 [workGroup3] DEBUG entity.777779 - Send:DefaultMessage [packetType=CMPPACTIVETESTRESPONSE, header=DefaultHeader [commandId=0xffffffff80000008, sequenceId=1863441669, nodeId=0], getClass()=class com.zx.sms.codec.cmpp.msg.CmppActiveTestResponseMessage]
22:57:57.351 [workGroup3] DEBUG entity.777779 - Receive:DefaultMessage [packetType=CMPPACTIVETESTREQUEST, header=DefaultHeader [commandId=0x8, sequenceId=1863441670, nodeId=0], getClass()=class com.zx.sms.codec.cmpp.msg.CmppActiveTestRequestMessage]
22:57:57.353 [workGroup3] DEBUG entity.777779 - Send:DefaultMessage [packetType=CMPPACTIVETESTRESPONSE, header=DefaultHeader [commandId=0xffffffff80000008, sequenceId=1863441670, nodeId=0], getClass()=class com.zx.sms.codec.cmpp.msg.CmppActiveTestResponseMessage]
22:58:22.356 [workGroup3] DEBUG entity.777779 - Receive:DefaultMessage [packetType=CMPPACTIVETESTREQUEST, header=DefaultHeader [commandId=0x8, sequenceId=1863441671, nodeId=0], getClass()=class com.zx.sms.codec.cmpp.msg.CmppActiveTestRequestMessage]
22:58:22.358 [workGroup3] DEBUG entity.777779 - Send:DefaultMessage [packetType=CMPPACTIVETESTRESPONSE, header=DefaultHeader [commandId=0xffffffff80000008, sequenceId=1863441671, nodeId=0], getClass()=class com.zx.sms.codec.cmpp.msg.CmppActiveTestResponseMessage]
22:58:47.361 [workGroup3] DEBUG entity.777779 - Receive:DefaultMessage [packetType=CMPPACTIVETESTREQUEST, header=DefaultHeader [commandId=0x8, sequenceId=1863441672, nodeId=0], getClass()=class com.zx.sms.codec.cmpp.msg.CmppActiveTestRequestMessage]
22:58:47.363 [workGroup3] DEBUG entity.777779 - Send:DefaultMessage [packetType=CMPPACTIVETESTRESPONSE, header=DefaultHeader [commandId=0xffffffff80000008, sequenceId=1863441672, nodeId=0], getClass()=class com.zx.sms.codec.cmpp.msg.CmppActiveTestResponseMessage]
22:59:12.368 [workGroup3] DEBUG entity.777779 - Receive:DefaultMessage [packetType=CMPPACTIVETESTREQUEST, header=DefaultHeader [commandId=0x8, sequenceId=1863441673, nodeId=0], getClass()=class com.zx.sms.codec.cmpp.msg.CmppActiveTestRequestMessage]
22:59:12.369 [workGroup3] DEBUG entity.777779 - Send:DefaultMessage [packetType=CMPPACTIVETESTRESPONSE, header=DefaultHeader [commandId=0xffffffff80000008, sequenceId=1863441673, nodeId=0], getClass()=class com.zx.sms.codec.cmpp.msg.CmppActiveTestResponseMessage]
22:59:37.374 [workGroup3] DEBUG entity.777779 - Receive:DefaultMessage [packetType=CMPPACTIVETESTREQUEST, header=DefaultHeader [commandId=0x8, sequenceId=1863441674, nodeId=0], getClass()=class com.zx.sms.codec.cmpp.msg.CmppActiveTestRequestMessage]
22:59:37.375 [workGroup3] DEBUG entity.777779 - Send:DefaultMessage [packetType=CMPPACTIVETESTRESPONSE, header=DefaultHeader [commandId=0xffffffff80000008, sequenceId=1863441674, nodeId=0], getClass()=class com.zx.sms.codec.cmpp.msg.CmppActiveTestResponseMessage]
23:00:02.377 [workGroup3] DEBUG entity.777779 - Receive:DefaultMessage [packetType=CMPPACTIVETESTREQUEST, header=DefaultHeader [commandId=0x8, sequenceId=1863441675, nodeId=0], getClass()=class com.zx.sms.codec.cmpp.msg.CmppActiveTestRequestMessage]
23:00:02.380 [workGroup3] DEBUG entity.777779 - Send:DefaultMessage [packetType=CMPPACTIVETESTRESPONSE, header=DefaultHeader [commandId=0xffffffff80000008, sequenceId=1863441675, nodeId=0], getClass()=class com.zx.sms.codec.cmpp.msg.CmppActiveTestResponseMessage]
23:00:27.382 [workGroup3] DEBUG entity.777779 - Receive:DefaultMessage [packetType=CMPPACTIVETESTREQUEST, header=DefaultHeader [commandId=0x8, sequenceId=1863441676, nodeId=0], getClass()=class com.zx.sms.codec.cmpp.msg.CmppActiveTestRequestMessage]
23:00:27.385 [workGroup3] DEBUG entity.777779 - Send:DefaultMessage [packetType=CMPPACTIVETESTRESPONSE, header=DefaultHeader [commandId=0xffffffff80000008, sequenceId=1863441676, nodeId=0], getClass()=class com.zx.sms.codec.cmpp.msg.CmppActiveTestResponseMessage]
23:00:52.388 [workGroup3] DEBUG entity.777779 - Receive:DefaultMessage [packetType=CMPPACTIVETESTREQUEST, header=DefaultHeader [commandId=0x8, sequenceId=1863441677, nodeId=0], getClass()=class com.zx.sms.codec.cmpp.msg.CmppActiveTestRequestMessage]
23:00:52.388 [workGroup3] DEBUG entity.777779 - Send:DefaultMessage [packetType=CMPPACTIVETESTRESPONSE, header=DefaultHeader [commandId=0xffffffff80000008, sequenceId=1863441677, nodeId=0], getClass()=class com.zx.sms.codec.cmpp.msg.CmppActiveTestResponseMessage]
23:01:17.391 [workGroup3] DEBUG entity.777779 - Receive:DefaultMessage [packetType=CMPPACTIVETESTREQUEST, header=DefaultHeader [commandId=0x8, sequenceId=1863441678, nodeId=0], getClass()=class com.zx.sms.codec.cmpp.msg.CmppActiveTestRequestMessage]
23:01:17.392 [workGroup3] DEBUG entity.777779 - Send:DefaultMessage [packetType=CMPPACTIVETESTRESPONSE, header=DefaultHeader [commandId=0xffffffff80000008, sequenceId=1863441678, nodeId=0], getClass()=class com.zx.sms.codec.cmpp.msg.CmppActiveTestResponseMessage]
23:01:19.526 [workGroup3] WARN  entity.777779 - Connection close . CMPPServerChildEndpointEntity[groupName=777779, userName=777779, chartset=UTF-8, getId()=777779, getDesc()=null, getChannelType()=null, getHost()=null, getPort()=null, getMaxChannels()=5]
23:01:23.809 [workGroup4] WARN  entity.777779 - handlerAdded . CMPPServerChildEndpointEntity[groupName=777779, userName=777779, chartset=UTF-8, getId()=777779, getDesc()=null, getChannelType()=null, getHost()=null, getPort()=null, getMaxChannels()=5]
23:01:23.810 [workGroup4] DEBUG entity.777779 - Send:CmppConnectResponseMessage [version=32, status=0,authenticatorISMG = 99d1fd2a11fc367bbd04603e3d5b925a, sequenceId=819742975]
23:01:23.889 [workGroup4] DEBUG entity.777779 - Receive:CmppSubmitRequestMessage [msgid=0415230123001651218689, serviceId=vac12shC, srcId=10692763112918995598, msgsrc=777779, destterminalId=[18571616424], msgContent=【测试】[电费账单]尊敬的客户（客户号：1548915648），截至8月31日，您家电表知码2810，8月用电84度，电费46.58元, sequenceId=819742976]
23:01:23.893 [workGroup4] DEBUG entity.777779 - Receive:CmppSubmitRequestMessage [msgid=0415230123001651218689, serviceId=vac12shC, srcId=10692763112918995598, msgsrc=777779, destterminalId=[18571616424], msgContent=，截至9月2号，可用余额18.56元。当月电费账单已生成，交电费就用网上国网app，新用户注册即送2元电费卷，点dwz.cn/zpdk, sequenceId=819742978]
23:01:23.903 [workGroup4] DEBUG entity.777779 - Receive:CmppSubmitRequestMessage [msgid=0415230123001651218689, serviceId=vac12shC, srcId=10692763112918995598, msgsrc=777779, destterminalId=[18571616424], msgContent=fjie领取，还有更多精彩活动等您参与！, sequenceId=819742979]
23:01:23.905 [workGroup4] DEBUG entity.777779 - Send:CmppSubmitResponseMessage [msgId=0415230123000250410404, result=0, sequenceId=819742976]
23:01:23.906 [workGroup4] DEBUG entity.777779 - Send:CmppSubmitResponseMessage [msgId=0415230123000250410405, result=0, sequenceId=819742978]
23:01:23.907 [workGroup4] DEBUG entity.777779 - Send:CmppSubmitResponseMessage [msgId=0415230123000250410406, result=0, sequenceId=819742979]
23:01:48.923 [workGroup4] DEBUG entity.777779 - Receive:DefaultMessage [packetType=CMPPACTIVETESTREQUEST, header=DefaultHeader [commandId=0x8, sequenceId=819742986, nodeId=0], getClass()=class com.zx.sms.codec.cmpp.msg.CmppActiveTestRequestMessage]
23:01:48.925 [workGroup4] DEBUG entity.777779 - Send:DefaultMessage [packetType=CMPPACTIVETESTRESPONSE, header=DefaultHeader [commandId=0xffffffff80000008, sequenceId=819742986, nodeId=0], getClass()=class com.zx.sms.codec.cmpp.msg.CmppActiveTestResponseMessage]
23:02:13.928 [workGroup4] DEBUG entity.777779 - Receive:DefaultMessage [packetType=CMPPACTIVETESTREQUEST, header=DefaultHeader [commandId=0x8, sequenceId=819742987, nodeId=0], getClass()=class com.zx.sms.codec.cmpp.msg.CmppActiveTestRequestMessage]
23:02:13.930 [workGroup4] DEBUG entity.777779 - Send:DefaultMessage [packetType=CMPPACTIVETESTRESPONSE, header=DefaultHeader [commandId=0xffffffff80000008, sequenceId=819742987, nodeId=0], getClass()=class com.zx.sms.codec.cmpp.msg.CmppActiveTestResponseMessage]
23:02:38.934 [workGroup4] DEBUG entity.777779 - Receive:DefaultMessage [packetType=CMPPACTIVETESTREQUEST, header=DefaultHeader [commandId=0x8, sequenceId=819742988, nodeId=0], getClass()=class com.zx.sms.codec.cmpp.msg.CmppActiveTestRequestMessage]
23:02:38.935 [workGroup4] DEBUG entity.777779 - Send:DefaultMessage [packetType=CMPPACTIVETESTRESPONSE, header=DefaultHeader [commandId=0xffffffff80000008, sequenceId=819742988, nodeId=0], getClass()=class com.zx.sms.codec.cmpp.msg.CmppActiveTestResponseMessage]
23:03:03.939 [workGroup4] DEBUG entity.777779 - Receive:DefaultMessage [packetType=CMPPACTIVETESTREQUEST, header=DefaultHeader [commandId=0x8, sequenceId=819742989, nodeId=0], getClass()=class com.zx.sms.codec.cmpp.msg.CmppActiveTestRequestMessage]
23:03:03.940 [workGroup4] DEBUG entity.777779 - Send:DefaultMessage [packetType=CMPPACTIVETESTRESPONSE, header=DefaultHeader [commandId=0xffffffff80000008, sequenceId=819742989, nodeId=0], getClass()=class com.zx.sms.codec.cmpp.msg.CmppActiveTestResponseMessage]
23:03:28.945 [workGroup4] DEBUG entity.777779 - Receive:DefaultMessage [packetType=CMPPACTIVETESTREQUEST, header=DefaultHeader [commandId=0x8, sequenceId=819742990, nodeId=0], getClass()=class com.zx.sms.codec.cmpp.msg.CmppActiveTestRequestMessage]
23:03:28.946 [workGroup4] DEBUG entity.777779 - Send:DefaultMessage [packetType=CMPPACTIVETESTRESPONSE, header=DefaultHeader [commandId=0xffffffff80000008, sequenceId=819742990, nodeId=0], getClass()=class com.zx.sms.codec.cmpp.msg.CmppActiveTestResponseMessage]
23:03:53.952 [workGroup4] DEBUG entity.777779 - Receive:DefaultMessage [packetType=CMPPACTIVETESTREQUEST, header=DefaultHeader [commandId=0x8, sequenceId=819742991, nodeId=0], getClass()=class com.zx.sms.codec.cmpp.msg.CmppActiveTestRequestMessage]
23:03:53.953 [workGroup4] DEBUG entity.777779 - Send:DefaultMessage [packetType=CMPPACTIVETESTRESPONSE, header=DefaultHeader [commandId=0xffffffff80000008, sequenceId=819742991, nodeId=0], getClass()=class com.zx.sms.codec.cmpp.msg.CmppActiveTestResponseMessage]
23:04:18.957 [workGroup4] DEBUG entity.777779 - Receive:DefaultMessage [packetType=CMPPACTIVETESTREQUEST, header=DefaultHeader [commandId=0x8, sequenceId=819742992, nodeId=0], getClass()=class com.zx.sms.codec.cmpp.msg.CmppActiveTestRequestMessage]
23:04:18.959 [workGroup4] DEBUG entity.777779 - Send:DefaultMessage [packetType=CMPPACTIVETESTRESPONSE, header=DefaultHeader [commandId=0xffffffff80000008, sequenceId=819742992, nodeId=0], getClass()=class com.zx.sms.codec.cmpp.msg.CmppActiveTestResponseMessage]
23:04:43.962 [workGroup4] DEBUG entity.777779 - Receive:DefaultMessage [packetType=CMPPACTIVETESTREQUEST, header=DefaultHeader [commandId=0x8, sequenceId=819742993, nodeId=0], getClass()=class com.zx.sms.codec.cmpp.msg.CmppActiveTestRequestMessage]
23:04:43.964 [workGroup4] DEBUG entity.777779 - Send:DefaultMessage [packetType=CMPPACTIVETESTRESPONSE, header=DefaultHeader [commandId=0xffffffff80000008, sequenceId=819742993, nodeId=0], getClass()=class com.zx.sms.codec.cmpp.msg.CmppActiveTestResponseMessage]
23:05:08.967 [workGroup4] DEBUG entity.777779 - Receive:DefaultMessage [packetType=CMPPACTIVETESTREQUEST, header=DefaultHeader [commandId=0x8, sequenceId=819742994, nodeId=0], getClass()=class com.zx.sms.codec.cmpp.msg.CmppActiveTestRequestMessage]
23:05:08.969 [workGroup4] DEBUG entity.777779 - Send:DefaultMessage [packetType=CMPPACTIVETESTRESPONSE, header=DefaultHeader [commandId=0xffffffff80000008, sequenceId=819742994, nodeId=0], getClass()=class com.zx.sms.codec.cmpp.msg.CmppActiveTestResponseMessage]
23:05:33.973 [workGroup4] DEBUG entity.777779 - Receive:DefaultMessage [packetType=CMPPACTIVETESTREQUEST, header=DefaultHeader [commandId=0x8, sequenceId=819742995, nodeId=0], getClass()=class com.zx.sms.codec.cmpp.msg.CmppActiveTestRequestMessage]
23:05:33.975 [workGroup4] DEBUG entity.777779 - Send:DefaultMessage [packetType=CMPPACTIVETESTRESPONSE, header=DefaultHeader [commandId=0xffffffff80000008, sequenceId=819742995, nodeId=0], getClass()=class com.zx.sms.codec.cmpp.msg.CmppActiveTestResponseMessage]
23:05:58.979 [workGroup4] DEBUG entity.777779 - Receive:DefaultMessage [packetType=CMPPACTIVETESTREQUEST, header=DefaultHeader [commandId=0x8, sequenceId=819742996, nodeId=0], getClass()=class com.zx.sms.codec.cmpp.msg.CmppActiveTestRequestMessage]
23:05:58.981 [workGroup4] DEBUG entity.777779 - Send:DefaultMessage [packetType=CMPPACTIVETESTRESPONSE, header=DefaultHeader [commandId=0xffffffff80000008, sequenceId=819742996, nodeId=0], getClass()=class com.zx.sms.codec.cmpp.msg.CmppActiveTestResponseMessage]
23:06:23.984 [workGroup4] DEBUG entity.777779 - Receive:DefaultMessage [packetType=CMPPACTIVETESTREQUEST, header=DefaultHeader [commandId=0x8, sequenceId=819742997, nodeId=0], getClass()=class com.zx.sms.codec.cmpp.msg.CmppActiveTestRequestMessage]
23:06:23.986 [workGroup4] DEBUG entity.777779 - Send:DefaultMessage [packetType=CMPPACTIVETESTRESPONSE, header=DefaultHeader [commandId=0xffffffff80000008, sequenceId=819742997, nodeId=0], getClass()=class com.zx.sms.codec.cmpp.msg.CmppActiveTestResponseMessage]
23:06:35.000 [workGroup4] WARN  entity.777779 - Connection close . CMPPServerChildEndpointEntity[groupName=777779, userName=777779, chartset=UTF-8, getId()=777779, getDesc()=null, getChannelType()=null, getHost()=null, getPort()=null, getMaxChannels()=5]
